[0820/045446.216:WARNING:dns_config_service_win.cc(668)] Failed to read DnsConfig.
[0820/045451.232:WARNING:dns_config_service_win.cc(668)] Failed to read DnsConfig.
[0820/045456.246:WARNING:dns_config_service_win.cc(668)] Failed to read DnsConfig.
[0820/045501.260:WARNING:dns_config_service_win.cc(668)] Failed to read DnsConfig.
[0820/045503.324:ERROR:browser_gpu_channel_host_factory.cc(139)] Failed to launch GPU process.
[0820/055900.870:WARNING:dns_config_service_win.cc(668)] Failed to read DnsConfig.
[0820/055905.997:WARNING:dns_config_service_win.cc(668)] Failed to read DnsConfig.
[0820/055911.013:WARNING:dns_config_service_win.cc(668)] Failed to read DnsConfig.
[0820/055916.021:WARNING:dns_config_service_win.cc(668)] Failed to read DnsConfig.
[0820/055921.026:WARNING:dns_config_service_win.cc(668)] Failed to read DnsConfig.
[0820/055926.037:WARNING:dns_config_service_win.cc(668)] Failed to read DnsConfig.
[0820/055931.041:WARNING:dns_config_service_win.cc(668)] Failed to read DnsConfig.
[0820/055936.051:WARNING:dns_config_service_win.cc(668)] Failed to read DnsConfig.
[0820/055941.066:WARNING:dns_config_service_win.cc(668)] Failed to read DnsConfig.
[0820/055946.074:WARNING:dns_config_service_win.cc(668)] Failed to read DnsConfig.
[0820/055951.084:WARNING:dns_config_service_win.cc(668)] Failed to read DnsConfig.
[0820/055956.100:WARNING:dns_config_service_win.cc(668)] Failed to read DnsConfig.
[0820/060001.109:WARNING:dns_config_service_win.cc(668)] Failed to read DnsConfig.
[0820/060006.120:WARNING:dns_config_service_win.cc(668)] Failed to read DnsConfig.
[0820/060011.134:WARNING:dns_config_service_win.cc(668)] Failed to read DnsConfig.
[0820/060016.141:WARNING:dns_config_service_win.cc(668)] Failed to read DnsConfig.
[0820/060021.147:WARNING:dns_config_service_win.cc(668)] Failed to read DnsConfig.
[0820/060026.158:WARNING:dns_config_service_win.cc(668)] Failed to read DnsConfig.
[0820/060030.493:INFO:CONSOLE(1)] "Long rAF frame-time", source: file:///E:/app/Adobe%20Photoshop%202020/Required/www-rich-tooltips/build/external.js (1)
[0820/060030.991:WARNING:angle_platform_impl.cc(52)] compileToBinary(230): 
C:\fakepath(69,8-58): warning X3571: pow(f, e) will not work for negative f, use abs(f) or conditionally handle negative values if you expect them
C:\fakepath(77,9-43): warning X3571: pow(f, e) will not work for negative f, use abs(f) or conditionally handle negative values if you expect them

[0820/060031.175:WARNING:dns_config_service_win.cc(668)] Failed to read DnsConfig.
[0820/060036.190:WARNING:dns_config_service_win.cc(668)] Failed to read DnsConfig.
[0820/060041.202:WARNING:dns_config_service_win.cc(668)] Failed to read DnsConfig.
[0820/060046.218:WARNING:dns_config_service_win.cc(668)] Failed to read DnsConfig.
[0820/060051.234:WARNING:dns_config_service_win.cc(668)] Failed to read DnsConfig.
[0820/060056.244:WARNING:dns_config_service_win.cc(668)] Failed to read DnsConfig.
[0820/060101.264:WARNING:dns_config_service_win.cc(668)] Failed to read DnsConfig.
[0820/060106.280:WARNING:dns_config_service_win.cc(668)] Failed to read DnsConfig.
[0820/060111.294:WARNING:dns_config_service_win.cc(668)] Failed to read DnsConfig.
[0820/060116.309:WARNING:dns_config_service_win.cc(668)] Failed to read DnsConfig.
[0820/060121.322:WARNING:dns_config_service_win.cc(668)] Failed to read DnsConfig.
[0820/060126.340:WARNING:dns_config_service_win.cc(668)] Failed to read DnsConfig.
[0820/060131.353:WARNING:dns_config_service_win.cc(668)] Failed to read DnsConfig.
[0820/060136.372:WARNING:dns_config_service_win.cc(668)] Failed to read DnsConfig.
[0820/060141.379:WARNING:dns_config_service_win.cc(668)] Failed to read DnsConfig.
[0820/060146.390:WARNING:dns_config_service_win.cc(668)] Failed to read DnsConfig.
[0820/060151.397:WARNING:dns_config_service_win.cc(668)] Failed to read DnsConfig.
[0820/060156.407:WARNING:dns_config_service_win.cc(668)] Failed to read DnsConfig.
[0820/060201.412:WARNING:dns_config_service_win.cc(668)] Failed to read DnsConfig.
[0820/060206.421:WARNING:dns_config_service_win.cc(668)] Failed to read DnsConfig.
[0820/060211.437:WARNING:dns_config_service_win.cc(668)] Failed to read DnsConfig.
[0820/060216.445:WARNING:dns_config_service_win.cc(668)] Failed to read DnsConfig.
[0820/060221.458:WARNING:dns_config_service_win.cc(668)] Failed to read DnsConfig.
[0820/060226.474:WARNING:dns_config_service_win.cc(668)] Failed to read DnsConfig.
[0820/060231.480:WARNING:dns_config_service_win.cc(668)] Failed to read DnsConfig.
[0820/060236.485:WARNING:dns_config_service_win.cc(668)] Failed to read DnsConfig.
[0820/060241.500:WARNING:dns_config_service_win.cc(668)] Failed to read DnsConfig.
[0820/060246.505:WARNING:dns_config_service_win.cc(668)] Failed to read DnsConfig.
[0820/060251.519:WARNING:dns_config_service_win.cc(668)] Failed to read DnsConfig.
[0820/060256.524:WARNING:dns_config_service_win.cc(668)] Failed to read DnsConfig.
[0820/060301.530:WARNING:dns_config_service_win.cc(668)] Failed to read DnsConfig.
[0820/060306.535:WARNING:dns_config_service_win.cc(668)] Failed to read DnsConfig.
[0820/060311.550:WARNING:dns_config_service_win.cc(668)] Failed to read DnsConfig.
[0820/060316.559:WARNING:dns_config_service_win.cc(668)] Failed to read DnsConfig.
[0820/060321.571:WARNING:dns_config_service_win.cc(668)] Failed to read DnsConfig.
[0820/060326.580:WARNING:dns_config_service_win.cc(668)] Failed to read DnsConfig.
[0820/060331.598:WARNING:dns_config_service_win.cc(668)] Failed to read DnsConfig.
[0820/060336.607:WARNING:dns_config_service_win.cc(668)] Failed to read DnsConfig.
[0820/060341.619:WARNING:dns_config_service_win.cc(668)] Failed to read DnsConfig.
[0820/060346.630:WARNING:dns_config_service_win.cc(668)] Failed to read DnsConfig.
[0820/060351.648:WARNING:dns_config_service_win.cc(668)] Failed to read DnsConfig.
[0820/060356.665:WARNING:dns_config_service_win.cc(668)] Failed to read DnsConfig.
[0820/060401.668:WARNING:dns_config_service_win.cc(668)] Failed to read DnsConfig.
[0820/060406.676:WARNING:dns_config_service_win.cc(668)] Failed to read DnsConfig.
[0820/060411.691:WARNING:dns_config_service_win.cc(668)] Failed to read DnsConfig.
[0820/060416.701:WARNING:dns_config_service_win.cc(668)] Failed to read DnsConfig.
[0820/060421.705:WARNING:dns_config_service_win.cc(668)] Failed to read DnsConfig.
[0820/060426.722:WARNING:dns_config_service_win.cc(668)] Failed to read DnsConfig.
[0820/060431.735:WARNING:dns_config_service_win.cc(668)] Failed to read DnsConfig.
[0820/060436.739:WARNING:dns_config_service_win.cc(668)] Failed to read DnsConfig.
[0820/060441.751:WARNING:dns_config_service_win.cc(668)] Failed to read DnsConfig.
[0820/060446.754:WARNING:dns_config_service_win.cc(668)] Failed to read DnsConfig.
[0820/060451.766:WARNING:dns_config_service_win.cc(668)] Failed to read DnsConfig.
[0820/060456.771:WARNING:dns_config_service_win.cc(668)] Failed to read DnsConfig.
[0820/060501.781:WARNING:dns_config_service_win.cc(668)] Failed to read DnsConfig.
[0820/060506.785:WARNING:dns_config_service_win.cc(668)] Failed to read DnsConfig.
[0820/060511.798:WARNING:dns_config_service_win.cc(668)] Failed to read DnsConfig.
[0820/060516.804:WARNING:dns_config_service_win.cc(668)] Failed to read DnsConfig.
[0820/060521.813:WARNING:dns_config_service_win.cc(668)] Failed to read DnsConfig.
[0820/060526.827:WARNING:dns_config_service_win.cc(668)] Failed to read DnsConfig.
[0820/060531.841:WARNING:dns_config_service_win.cc(668)] Failed to read DnsConfig.
[0820/060536.860:WARNING:dns_config_service_win.cc(668)] Failed to read DnsConfig.
[0820/060541.874:WARNING:dns_config_service_win.cc(668)] Failed to read DnsConfig.
[0820/060546.887:WARNING:dns_config_service_win.cc(668)] Failed to read DnsConfig.
[0820/060551.897:WARNING:dns_config_service_win.cc(668)] Failed to read DnsConfig.
[0820/060556.905:WARNING:dns_config_service_win.cc(668)] Failed to read DnsConfig.
[0820/060601.919:WARNING:dns_config_service_win.cc(668)] Failed to read DnsConfig.
[0820/060606.928:WARNING:dns_config_service_win.cc(668)] Failed to read DnsConfig.
[0820/060611.932:WARNING:dns_config_service_win.cc(668)] Failed to read DnsConfig.
[0820/060616.942:WARNING:dns_config_service_win.cc(668)] Failed to read DnsConfig.
[0820/060621.951:WARNING:dns_config_service_win.cc(668)] Failed to read DnsConfig.
[0820/060626.964:WARNING:dns_config_service_win.cc(668)] Failed to read DnsConfig.
[0820/060631.972:WARNING:dns_config_service_win.cc(668)] Failed to read DnsConfig.
[0820/060636.977:WARNING:dns_config_service_win.cc(668)] Failed to read DnsConfig.
[0820/060641.985:WARNING:dns_config_service_win.cc(668)] Failed to read DnsConfig.
[0820/060646.997:WARNING:dns_config_service_win.cc(668)] Failed to read DnsConfig.
[0820/060652.004:WARNING:dns_config_service_win.cc(668)] Failed to read DnsConfig.
[0820/060657.014:WARNING:dns_config_service_win.cc(668)] Failed to read DnsConfig.
[0820/060702.028:WARNING:dns_config_service_win.cc(668)] Failed to read DnsConfig.
[0820/060707.033:WARNING:dns_config_service_win.cc(668)] Failed to read DnsConfig.
[0820/060712.049:WARNING:dns_config_service_win.cc(668)] Failed to read DnsConfig.
[0820/060717.056:WARNING:dns_config_service_win.cc(668)] Failed to read DnsConfig.
[0820/060722.061:WARNING:dns_config_service_win.cc(668)] Failed to read DnsConfig.
[0820/060727.069:WARNING:dns_config_service_win.cc(668)] Failed to read DnsConfig.
[0820/060732.081:WARNING:dns_config_service_win.cc(668)] Failed to read DnsConfig.
[0820/060737.089:WARNING:dns_config_service_win.cc(668)] Failed to read DnsConfig.
[0820/060742.096:WARNING:dns_config_service_win.cc(668)] Failed to read DnsConfig.
[0820/060747.103:WARNING:dns_config_service_win.cc(668)] Failed to read DnsConfig.
[0820/060752.110:WARNING:dns_config_service_win.cc(668)] Failed to read DnsConfig.
[0820/060757.114:WARNING:dns_config_service_win.cc(668)] Failed to read DnsConfig.
[0820/060802.120:WARNING:dns_config_service_win.cc(668)] Failed to read DnsConfig.
[0820/060807.137:WARNING:dns_config_service_win.cc(668)] Failed to read DnsConfig.
[0820/060812.151:WARNING:dns_config_service_win.cc(668)] Failed to read DnsConfig.
[0820/060817.160:WARNING:dns_config_service_win.cc(668)] Failed to read DnsConfig.
[0820/060822.172:WARNING:dns_config_service_win.cc(668)] Failed to read DnsConfig.
[0820/060827.186:WARNING:dns_config_service_win.cc(668)] Failed to read DnsConfig.
[0820/060832.191:WARNING:dns_config_service_win.cc(668)] Failed to read DnsConfig.
[0820/060837.202:WARNING:dns_config_service_win.cc(668)] Failed to read DnsConfig.
[0820/060842.217:WARNING:dns_config_service_win.cc(668)] Failed to read DnsConfig.
[0820/060847.233:WARNING:dns_config_service_win.cc(668)] Failed to read DnsConfig.
[0820/060852.245:WARNING:dns_config_service_win.cc(668)] Failed to read DnsConfig.
[0820/060857.251:WARNING:dns_config_service_win.cc(668)] Failed to read DnsConfig.
[0820/060902.267:WARNING:dns_config_service_win.cc(668)] Failed to read DnsConfig.
[0820/060907.273:WARNING:dns_config_service_win.cc(668)] Failed to read DnsConfig.
[0820/060912.290:WARNING:dns_config_service_win.cc(668)] Failed to read DnsConfig.
[0820/060917.305:WARNING:dns_config_service_win.cc(668)] Failed to read DnsConfig.
[0820/060922.316:WARNING:dns_config_service_win.cc(668)] Failed to read DnsConfig.
[0820/060927.322:WARNING:dns_config_service_win.cc(668)] Failed to read DnsConfig.
[0820/060935.139:WARNING:dns_config_service_win.cc(668)] Failed to read DnsConfig.
